2016-06-28 23:12:03,274 INFO org.apache.hadoop.mapred.TaskTracker: STARTUP_MSG: 
/************************************************************
STARTUP_MSG: Starting TaskTracker
STARTUP_MSG:   host = ronald-lap/127.0.1.1
STARTUP_MSG:   args = []
STARTUP_MSG:   version = 0.21.0
STARTUP_MSG:   classpath = /opt/hadoop-0.21.0/bin/../conf:/usr/lib/jvm/java-7-oracle/lib/tools.jar:/opt/hadoop-0.21.0/bin/..:/opt/hadoop-0.21.0/bin/../hadoop-common-0.21.0.jar:/opt/hadoop-0.21.0/bin/../hadoop-common-test-0.21.0.jar:/opt/hadoop-0.21.0/bin/../hadoop-hdfs-0.21.0.jar:/opt/hadoop-0.21.0/bin/../hadoop-hdfs-0.21.0-sources.jar:/opt/hadoop-0.21.0/bin/../hadoop-hdfs-ant-0.21.0.jar:/opt/hadoop-0.21.0/bin/../hadoop-hdfs-test-0.21.0.jar:/opt/hadoop-0.21.0/bin/../hadoop-hdfs-test-0.21.0-sources.jar:/opt/hadoop-0.21.0/bin/../hadoop-mapred-0.21.0.jar:/opt/hadoop-0.21.0/bin/../hadoop-mapred-0.21.0-sources.jar:/opt/hadoop-0.21.0/bin/../hadoop-mapred-examples-0.21.0.jar:/opt/hadoop-0.21.0/bin/../hadoop-mapred-test-0.21.0.jar:/opt/hadoop-0.21.0/bin/../hadoop-mapred-tools-0.21.0.jar:/opt/hadoop-0.21.0/bin/../lib/ant-1.6.5.jar:/opt/hadoop-0.21.0/bin/../lib/asm-3.2.jar:/opt/hadoop-0.21.0/bin/../lib/aspectjrt-1.6.5.jar:/opt/hadoop-0.21.0/bin/../lib/aspectjtools-1.6.5.jar:/opt/hadoop-0.21.0/bin/../lib/avro-1.3.2.jar:/opt/hadoop-0.21.0/bin/../lib/commons-cli-1.2.jar:/opt/hadoop-0.21.0/bin/../lib/commons-codec-1.4.jar:/opt/hadoop-0.21.0/bin/../lib/commons-el-1.0.jar:/opt/hadoop-0.21.0/bin/../lib/commons-httpclient-3.1.jar:/opt/hadoop-0.21.0/bin/../lib/commons-lang-2.5.jar:/opt/hadoop-0.21.0/bin/../lib/commons-logging-1.1.1.jar:/opt/hadoop-0.21.0/bin/../lib/commons-logging-api-1.1.jar:/opt/hadoop-0.21.0/bin/../lib/commons-net-1.4.1.jar:/opt/hadoop-0.21.0/bin/../lib/core-3.1.1.jar:/opt/hadoop-0.21.0/bin/../lib/ftplet-api-1.0.0.jar:/opt/hadoop-0.21.0/bin/../lib/ftpserver-core-1.0.0.jar:/opt/hadoop-0.21.0/bin/../lib/ftpserver-deprecated-1.0.0-M2.jar:/opt/hadoop-0.21.0/bin/../lib/hsqldb-1.8.0.10.jar:/opt/hadoop-0.21.0/bin/../lib/jackson-core-asl-1.4.2.jar:/opt/hadoop-0.21.0/bin/../lib/jackson-mapper-asl-1.4.2.jar:/opt/hadoop-0.21.0/bin/../lib/jasper-compiler-5.5.12.jar:/opt/hadoop-0.21.0/bin/../lib/jasper-runtime-5.5.12.jar:/opt/hadoop-0.21.0/bin/../lib/jdiff-1.0.9.jar:/opt/hadoop-0.21.0/bin/../lib/jets3t-0.7.1.jar:/opt/hadoop-0.21.0/bin/../lib/jetty-6.1.14.jar:/opt/hadoop-0.21.0/bin/../lib/jetty-util-6.1.14.jar:/opt/hadoop-0.21.0/bin/../lib/jsp-2.1-6.1.14.jar:/opt/hadoop-0.21.0/bin/../lib/jsp-api-2.1-6.1.14.jar:/opt/hadoop-0.21.0/bin/../lib/junit-4.8.1.jar:/opt/hadoop-0.21.0/bin/../lib/kfs-0.3.jar:/opt/hadoop-0.21.0/bin/../lib/log4j-1.2.15.jar:/opt/hadoop-0.21.0/bin/../lib/mina-core-2.0.0-M5.jar:/opt/hadoop-0.21.0/bin/../lib/mockito-all-1.8.2.jar:/opt/hadoop-0.21.0/bin/../lib/oro-2.0.8.jar:/opt/hadoop-0.21.0/bin/../lib/paranamer-2.2.jar:/opt/hadoop-0.21.0/bin/../lib/paranamer-ant-2.2.jar:/opt/hadoop-0.21.0/bin/../lib/paranamer-generator-2.2.jar:/opt/hadoop-0.21.0/bin/../lib/qdox-1.10.1.jar:/opt/hadoop-0.21.0/bin/../lib/servlet-api-2.5-6.1.14.jar:/opt/hadoop-0.21.0/bin/../lib/slf4j-api-1.5.11.jar:/opt/hadoop-0.21.0/bin/../lib/slf4j-log4j12-1.5.11.jar:/opt/hadoop-0.21.0/bin/../lib/xmlenc-0.52.jar:/opt/hadoop-0.21.0/bin/../lib/jsp-2.1/*.jar:/opt/hadoop-0.21.0/bin/../hdfs/conf:/opt/hadoop-0.21.0/bin/../hdfs/hadoop-hdfs-*.jar:/opt/hadoop-0.21.0/bin/../hdfs/lib/*.jar:/opt/hadoop-0.21.0/mapred/bin/../conf:/opt/hadoop-0.21.0/mapred/bin/../hadoop-mapred-*.jar:/opt/hadoop-0.21.0/mapred/bin/../lib/*.jar:/opt/hadoop-0.21.0/mapred/bin/../hadoop-mapred-*.jar:/opt/hadoop-0.21.0/mapred/bin/../lib/*.jar
STARTUP_MSG:   build = https://svn.apache.org/repos/asf/hadoop/common/branches/branch-0.21 -r 985326; compiled by 'tomwhite' on Tue Aug 17 01:02:28 EDT 2010
************************************************************/
2016-06-28 23:12:03,529 INFO org.mortbay.log: Logging to org.slf4j.impl.Log4jLoggerAdapter(org.mortbay.log) via org.mortbay.log.Slf4jLog
2016-06-28 23:12:03,570 INFO org.apache.hadoop.http.HttpServer: Added global filtersafety (class=org.apache.hadoop.http.HttpServer$QuotingInputFilter)
2016-06-28 23:12:03,619 INFO org.apache.hadoop.security.Groups: Group mapping impl=org.apache.hadoop.security.ShellBasedUnixGroupsMapping; cacheTimeout=300000
2016-06-28 23:12:03,631 INFO org.apache.hadoop.http.HttpServer: Port returned by webServer.getConnectors()[0].getLocalPort() before open() is -1. Opening the listener on 51060
2016-06-28 23:12:03,634 INFO org.apache.hadoop.http.HttpServer: listener.getLocalPort() returned 51060 webServer.getConnectors()[0].getLocalPort() returned 51060
2016-06-28 23:12:03,634 INFO org.apache.hadoop.http.HttpServer: Jetty bound to port 51060
2016-06-28 23:12:03,634 INFO org.mortbay.log: jetty-6.1.14
2016-06-28 23:12:03,881 INFO org.mortbay.log: Started SelectChannelConnector@0.0.0.0:51060
2016-06-28 23:12:03,887 INFO org.apache.hadoop.mapred.TaskTracker: Starting tasktracker with owner as ronald and supergroup as supergroup
2016-06-28 23:12:03,895 INFO org.apache.hadoop.metrics.jvm.JvmMetrics: Initializing JVM Metrics with processName=TaskTracker, sessionId=
2016-06-28 23:12:03,903 INFO org.apache.hadoop.ipc.Server: Starting SocketReader
2016-06-28 23:12:03,905 INFO org.apache.hadoop.ipc.metrics.RpcMetrics: Initializing RPC Metrics with hostName=TaskTracker, port=38945
2016-06-28 23:12:03,936 INFO org.apache.hadoop.ipc.metrics.RpcDetailedMetrics: Initializing RPC Metrics with hostName=TaskTracker, port=38945
2016-06-28 23:12:03,938 INFO org.apache.hadoop.ipc.Server: IPC Server listener on 38945: starting
2016-06-28 23:12:03,938 INFO org.apache.hadoop.ipc.Server: IPC Server Responder: starting
2016-06-28 23:12:03,938 INFO org.apache.hadoop.ipc.Server: IPC Server handler 1 on 38945: starting
2016-06-28 23:12:03,938 INFO org.apache.hadoop.ipc.Server: IPC Server handler 0 on 38945: starting
2016-06-28 23:12:03,938 INFO org.apache.hadoop.ipc.Server: IPC Server handler 2 on 38945: starting
2016-06-28 23:12:03,939 INFO org.apache.hadoop.mapred.TaskTracker: TaskTracker up at: localhost/127.0.0.1:38945
2016-06-28 23:12:03,939 INFO org.apache.hadoop.mapred.TaskTracker: Starting tracker tracker_ronald-lap:localhost/127.0.0.1:38945
2016-06-28 23:12:03,939 INFO org.apache.hadoop.ipc.Server: IPC Server handler 3 on 38945: starting
2016-06-28 23:12:03,965 INFO org.apache.hadoop.mapred.TaskTracker: Starting thread: Map-events fetcher for all reduce tasks on tracker_ronald-lap:localhost/127.0.0.1:38945
2016-06-28 23:12:03,973 INFO org.apache.hadoop.mapreduce.util.ProcessTree: setsid exited with exit code 0
2016-06-28 23:12:03,975 INFO org.apache.hadoop.mapred.TaskTracker:  Using ResourceCalculatorPlugin : org.apache.hadoop.mapreduce.util.LinuxResourceCalculatorPlugin@513d0a3e
2016-06-28 23:12:03,976 WARN org.apache.hadoop.mapred.TaskTracker: TaskTracker's totalMemoryAllottedForTasks is -1 and reserved physical memory is not configured. TaskMemoryManager is disabled.
2016-06-28 23:12:03,977 INFO org.apache.hadoop.mapred.IndexCache: IndexCache created with max memory = 10485760
2016-06-28 23:12:04,038 WARN org.apache.hadoop.conf.Configuration: mapred.task.id is deprecated. Instead, use mapreduce.task.attempt.id
